TN:
SF:src/app.js
FN:56,(anonymous_0)
FN:75,(anonymous_1)
FN:78,(anonymous_2)
FN:94,(anonymous_3)
FN:145,(anonymous_4)
FN:151,(anonymous_5)
FN:166,(anonymous_6)
FN:206,(anonymous_7)
FN:220,(anonymous_8)
FN:232,(anonymous_9)
FN:246,(anonymous_10)
FN:278,(anonymous_11)
FN:286,(anonymous_12)
FN:292,(anonymous_13)
FN:306,(anonymous_14)
FN:317,(anonymous_15)
FN:341,(anonymous_16)
FN:378,(anonymous_17)
FN:390,(anonymous_18)
FN:399,(anonymous_19)
FN:429,(anonymous_20)
FN:437,(anonymous_21)
FN:443,(anonymous_22)
FNF:23
FNH:0
FNDA:0,(anonymous_0)
FNDA:0,(anonymous_1)
FNDA:0,(anonymous_2)
FNDA:0,(anonymous_3)
FNDA:0,(anonymous_4)
FNDA:0,(anonymous_5)
FNDA:0,(anonymous_6)
FNDA:0,(anonymous_7)
FNDA:0,(anonymous_8)
FNDA:0,(anonymous_9)
FNDA:0,(anonymous_10)
FNDA:0,(anonymous_11)
FNDA:0,(anonymous_12)
FNDA:0,(anonymous_13)
FNDA:0,(anonymous_14)
FNDA:0,(anonymous_15)
FNDA:0,(anonymous_16)
FNDA:0,(anonymous_17)
FNDA:0,(anonymous_18)
FNDA:0,(anonymous_19)
FNDA:0,(anonymous_20)
FNDA:0,(anonymous_21)
FNDA:0,(anonymous_22)
DA:1,1
DA:2,1
DA:3,1
DA:4,1
DA:5,1
DA:6,1
DA:7,1
DA:8,1
DA:9,1
DA:10,1
DA:11,1
DA:12,1
DA:13,1
DA:14,1
DA:15,1
DA:16,1
DA:17,1
DA:20,1
DA:21,1
DA:22,1
DA:23,1
DA:24,1
DA:25,1
DA:26,1
DA:32,1
DA:35,1
DA:36,1
DA:37,1
DA:38,1
DA:39,1
DA:40,1
DA:41,1
DA:46,1
DA:56,1
DA:58,0
DA:60,0
DA:62,0
DA:65,0
DA:66,0
DA:68,0
DA:69,0
DA:71,0
DA:75,0
DA:78,0
DA:80,0
DA:81,0
DA:83,0
DA:84,0
DA:85,0
DA:86,0
DA:88,0
DA:92,0
DA:93,0
DA:94,0
DA:95,0
DA:96,0
DA:100,0
DA:101,0
DA:103,0
DA:104,0
DA:105,0
DA:109,0
DA:110,0
DA:115,0
DA:116,0
DA:117,0
DA:120,0
DA:123,0
DA:132,0
DA:133,0
DA:135,0
DA:136,0
DA:137,0
DA:138,0
DA:145,0
DA:146,0
DA:147,0
DA:148,0
DA:149,0
DA:150,0
DA:151,0
DA:152,0
DA:153,0
DA:154,0
DA:155,0
DA:156,0
DA:158,0
DA:166,0
DA:167,0
DA:168,0
DA:169,0
DA:170,0
DA:171,0
DA:172,0
DA:173,0
DA:174,0
DA:176,0
DA:177,0
DA:180,0
DA:182,0
DA:183,0
DA:184,0
DA:185,0
DA:186,0
DA:187,0
DA:189,0
DA:190,0
DA:200,0
DA:201,0
DA:203,0
DA:204,0
DA:205,0
DA:206,0
DA:207,0
DA:208,0
DA:210,0
DA:211,0
DA:213,0
DA:214,0
DA:216,0
DA:217,0
DA:220,0
DA:221,0
DA:222,0
DA:224,0
DA:229,0
DA:230,0
DA:231,0
DA:232,0
DA:233,0
DA:234,0
DA:236,0
DA:237,0
DA:239,0
DA:240,0
DA:242,0
DA:243,0
DA:246,0
DA:247,0
DA:248,0
DA:250,0
DA:256,0
DA:259,0
DA:260,0
DA:261,0
DA:278,0
DA:279,0
DA:280,0
DA:281,0
DA:282,0
DA:286,0
DA:287,0
DA:288,0
DA:289,0
DA:290,0
DA:291,0
DA:292,0
DA:293,0
DA:294,0
DA:295,0
DA:296,0
DA:297,0
DA:299,0
DA:306,0
DA:307,0
DA:308,0
DA:309,0
DA:311,0
DA:312,0
DA:314,0
DA:315,0
DA:317,0
DA:318,0
DA:319,0
DA:322,0
DA:323,0
DA:325,0
DA:326,0
DA:327,0
DA:328,0
DA:331,0
DA:334,0
DA:338,0
DA:339,0
DA:341,0
DA:342,0
DA:343,0
DA:346,0
DA:347,0
DA:349,0
DA:350,0
DA:351,0
DA:352,0
DA:353,0
DA:356,0
DA:359,0
DA:360,0
DA:361,0
DA:365,0
DA:366,0
DA:368,0
DA:378,0
DA:379,0
DA:380,0
DA:381,0
DA:382,0
DA:383,0
DA:384,0
DA:385,0
DA:387,0
DA:390,0
DA:391,0
DA:392,0
DA:393,0
DA:394,0
DA:395,0
DA:396,0
DA:399,0
DA:400,0
DA:401,0
DA:403,0
DA:404,0
DA:406,0
DA:410,0
DA:411,0
DA:412,0
DA:413,0
DA:417,0
DA:418,0
DA:419,0
DA:421,0
DA:423,0
DA:429,1
DA:430,0
DA:434,0
DA:437,1
DA:438,0
DA:441,0
DA:443,1
DA:444,0
DA:447,0
DA:450,1
LF:242
LH:38
BRDA:15,0,0,1
BRDA:15,0,1,1
BRDA:16,1,0,1
BRDA:16,1,1,1
BRDA:17,2,0,1
BRDA:17,2,1,1
BRDA:62,3,0,0
BRDA:62,3,1,0
BRDA:65,4,0,0
BRDA:65,4,1,0
BRDA:86,5,0,0
BRDA:86,5,1,0
BRDA:86,6,0,0
BRDA:86,6,1,0
BRDA:86,6,2,0
BRDA:86,6,3,0
BRDA:92,7,0,0
BRDA:92,7,1,0
BRDA:95,8,0,0
BRDA:95,8,1,0
BRDA:103,9,0,0
BRDA:103,9,1,0
BRDA:104,10,0,0
BRDA:104,10,1,0
BRDA:109,11,0,0
BRDA:109,11,1,0
BRDA:152,12,0,0
BRDA:152,12,1,0
BRDA:153,13,0,0
BRDA:153,13,1,0
BRDA:154,14,0,0
BRDA:154,14,1,0
BRDA:167,15,0,0
BRDA:167,15,1,0
BRDA:170,16,0,0
BRDA:170,16,1,0
BRDA:172,17,0,0
BRDA:172,17,1,0
BRDA:185,18,0,0
BRDA:185,18,1,0
BRDA:185,19,0,0
BRDA:185,19,1,0
BRDA:201,20,0,0
BRDA:201,20,1,0
BRDA:207,21,0,0
BRDA:207,21,1,0
BRDA:210,22,0,0
BRDA:210,22,1,0
BRDA:213,23,0,0
BRDA:213,23,1,0
BRDA:216,24,0,0
BRDA:216,24,1,0
BRDA:221,25,0,0
BRDA:221,25,1,0
BRDA:233,26,0,0
BRDA:233,26,1,0
BRDA:236,27,0,0
BRDA:236,27,1,0
BRDA:239,28,0,0
BRDA:239,28,1,0
BRDA:242,29,0,0
BRDA:242,29,1,0
BRDA:247,30,0,0
BRDA:247,30,1,0
BRDA:293,31,0,0
BRDA:293,31,1,0
BRDA:294,32,0,0
BRDA:294,32,1,0
BRDA:295,33,0,0
BRDA:295,33,1,0
BRDA:307,34,0,0
BRDA:307,34,1,0
BRDA:311,35,0,0
BRDA:311,35,1,0
BRDA:314,36,0,0
BRDA:314,36,1,0
BRDA:318,37,0,0
BRDA:318,37,1,0
BRDA:325,38,0,0
BRDA:325,38,1,0
BRDA:338,39,0,0
BRDA:338,39,1,0
BRDA:342,40,0,0
BRDA:342,40,1,0
BRDA:349,41,0,0
BRDA:349,41,1,0
BRDA:365,42,0,0
BRDA:365,42,1,0
BRDA:391,43,0,0
BRDA:391,43,1,0
BRDA:410,44,0,0
BRDA:410,44,1,0
BRDA:410,45,0,0
BRDA:410,45,1,0
BRDA:410,45,2,0
BRDA:417,46,0,0
BRDA:417,46,1,0
BRDA:417,47,0,0
BRDA:417,47,1,0
BRDA:417,47,2,0
BRDA:417,47,3,0
BRF:101
BRH:6
end_of_record
TN:
SF:src/database.js
FN:12,ErrorDisconnect
FN:15,(anonymous_1)
FN:22,(anonymous_2)
FNF:3
FNH:1
FNDA:1,ErrorDisconnect
FNDA:0,(anonymous_1)
FNDA:0,(anonymous_2)
DA:1,1
DA:3,1
DA:13,1
DA:14,1
DA:15,1
DA:16,0
DA:17,0
DA:18,0
DA:22,1
DA:23,0
DA:24,0
DA:25,0
DA:27,0
DA:31,1
DA:44,1
LF:15
LH:8
BRDA:16,0,0,0
BRDA:16,0,1,0
BRDA:24,1,0,0
BRDA:24,1,1,0
BRF:4
BRH:0
end_of_record
TN:
SF:src/index.js
FN:4,(anonymous_0)
FNF:1
FNH:1
FNDA:1,(anonymous_0)
DA:1,1
DA:2,1
DA:4,1
DA:5,1
DA:9,1
LF:5
LH:5
BRDA:2,0,0,1
BRDA:2,0,1,1
BRF:2
BRH:2
end_of_record
TN:
SF:src/juego.js
FN:6,(anonymous_0)
FN:28,(anonymous_1)
FNF:2
FNH:0
FNDA:0,(anonymous_0)
FNDA:0,(anonymous_1)
DA:3,1
DA:6,1
DA:7,0
DA:9,0
DA:10,0
DA:11,0
DA:12,0
DA:13,0
DA:14,0
DA:15,0
DA:16,0
DA:17,0
DA:18,0
DA:19,0
DA:20,0
DA:21,0
DA:22,0
DA:24,0
DA:28,1
DA:29,0
DA:30,0
DA:34,1
LF:22
LH:4
BRDA:6,0,0,0
BRDA:9,1,0,0
BRDA:9,1,1,0
BRDA:10,2,0,0
BRDA:10,2,1,0
BRDA:11,3,0,0
BRDA:11,3,1,0
BRDA:12,4,0,0
BRDA:12,4,1,0
BRDA:13,5,0,0
BRDA:13,5,1,0
BRDA:14,6,0,0
BRDA:14,6,1,0
BRDA:15,7,0,0
BRDA:15,7,1,0
BRDA:16,8,0,0
BRDA:16,8,1,0
BRDA:17,9,0,0
BRDA:17,9,1,0
BRDA:18,10,0,0
BRDA:18,10,1,0
BRDA:19,11,0,0
BRDA:19,11,1,0
BRDA:20,12,0,0
BRDA:20,12,1,0
BRDA:21,13,0,0
BRDA:21,13,1,0
BRDA:22,14,0,0
BRDA:22,14,1,0
BRDA:29,15,0,0
BRDA:29,15,1,0
BRF:31
BRH:0
end_of_record
TN:
SF:src/routes/index.js
FN:15,(anonymous_0)
FN:57,(anonymous_1)
FN:61,(anonymous_2)
FN:80,(anonymous_3)
FN:125,(anonymous_4)
FN:140,(anonymous_5)
FN:149,(anonymous_6)
FN:172,registrarlog
FN:180,(anonymous_8)
FN:198,(anonymous_9)
FN:242,(anonymous_10)
FN:261,(anonymous_11)
FN:272,(anonymous_12)
FN:287,(anonymous_13)
FN:309,(anonymous_14)
FN:349,jugarRecursivo
FN:360,(anonymous_16)
FN:378,(anonymous_17)
FN:391,(anonymous_18)
FN:409,(anonymous_19)
FN:424,(anonymous_20)
FN:456,(anonymous_21)
FN:464,(anonymous_22)
FN:467,(anonymous_23)
FN:483,(anonymous_24)
FN:488,(anonymous_25)
FN:493,(anonymous_26)
FN:515,(anonymous_27)
FN:552,(anonymous_28)
FN:579,(anonymous_29)
FN:585,(anonymous_30)
FN:589,(anonymous_31)
FN:616,(anonymous_32)
FN:643,(anonymous_33)
FN:664,(anonymous_34)
FN:668,(anonymous_35)
FN:693,(anonymous_36)
FN:723,(anonymous_37)
FN:745,(anonymous_38)
FNF:39
FNH:0
FNDA:0,(anonymous_0)
FNDA:0,(anonymous_1)
FNDA:0,(anonymous_2)
FNDA:0,(anonymous_3)
FNDA:0,(anonymous_4)
FNDA:0,(anonymous_5)
FNDA:0,(anonymous_6)
FNDA:0,registrarlog
FNDA:0,(anonymous_8)
FNDA:0,(anonymous_9)
FNDA:0,(anonymous_10)
FNDA:0,(anonymous_11)
FNDA:0,(anonymous_12)
FNDA:0,(anonymous_13)
FNDA:0,(anonymous_14)
FNDA:0,jugarRecursivo
FNDA:0,(anonymous_16)
FNDA:0,(anonymous_17)
FNDA:0,(anonymous_18)
FNDA:0,(anonymous_19)
FNDA:0,(anonymous_20)
FNDA:0,(anonymous_21)
FNDA:0,(anonymous_22)
FNDA:0,(anonymous_23)
FNDA:0,(anonymous_24)
FNDA:0,(anonymous_25)
FNDA:0,(anonymous_26)
FNDA:0,(anonymous_27)
FNDA:0,(anonymous_28)
FNDA:0,(anonymous_29)
FNDA:0,(anonymous_30)
FNDA:0,(anonymous_31)
FNDA:0,(anonymous_32)
FNDA:0,(anonymous_33)
FNDA:0,(anonymous_34)
FNDA:0,(anonymous_35)
FNDA:0,(anonymous_36)
FNDA:0,(anonymous_37)
FNDA:0,(anonymous_38)
DA:1,1
DA:2,1
DA:3,1
DA:4,1
DA:5,1
DA:6,1
DA:7,1
DA:8,1
DA:10,1
DA:11,1
DA:12,1
DA:13,1
DA:15,1
DA:16,0
DA:17,0
DA:19,0
DA:25,1
DA:34,1
DA:38,1
DA:46,1
DA:54,1
DA:57,1
DA:58,0
DA:61,1
DA:63,0
DA:64,0
DA:66,0
DA:67,0
DA:70,0
DA:71,0
DA:72,0
DA:75,0
DA:76,0
DA:77,0
DA:78,0
DA:80,0
DA:82,0
DA:83,0
DA:84,0
DA:86,0
DA:87,0
DA:88,0
DA:89,0
DA:90,0
DA:91,0
DA:97,0
DA:98,0
DA:99,0
DA:100,0
DA:102,0
DA:105,0
DA:106,0
DA:107,0
DA:111,0
DA:112,0
DA:113,0
DA:114,0
DA:115,0
DA:119,0
DA:125,0
DA:127,0
DA:128,0
DA:129,0
DA:132,0
DA:133,0
DA:134,0
DA:137,0
DA:138,0
DA:140,0
DA:141,0
DA:142,0
DA:143,0
DA:145,0
DA:146,0
DA:147,0
DA:149,0
DA:150,0
DA:151,0
DA:152,0
DA:154,0
DA:155,0
DA:156,0
DA:165,0
DA:166,0
DA:167,0
DA:173,0
DA:174,0
DA:175,0
DA:176,0
DA:177,0
DA:180,1
DA:182,0
DA:183,0
DA:185,0
DA:187,0
DA:188,0
DA:189,0
DA:190,0
DA:193,0
DA:194,0
DA:195,0
DA:196,0
DA:198,0
DA:200,0
DA:201,0
DA:202,0
DA:204,0
DA:205,0
DA:206,0
DA:207,0
DA:208,0
DA:209,0
DA:215,0
DA:216,0
DA:217,0
DA:218,0
DA:220,0
DA:222,0
DA:223,0
DA:224,0
DA:228,0
DA:229,0
DA:230,0
DA:231,0
DA:232,0
DA:236,0
DA:240,0
DA:242,0
DA:244,0
DA:245,0
DA:246,0
DA:247,0
DA:250,0
DA:251,0
DA:252,0
DA:253,0
DA:256,0
DA:257,0
DA:258,0
DA:260,0
DA:261,0
DA:262,0
DA:263,0
DA:264,0
DA:265,0
DA:267,0
DA:268,0
DA:269,0
DA:270,0
DA:272,0
DA:273,0
DA:274,0
DA:275,0
DA:277,0
DA:278,0
DA:279,0
DA:280,0
DA:282,0
DA:286,0
DA:287,0
DA:288,0
DA:289,0
DA:290,0
DA:291,0
DA:292,0
DA:293,0
DA:294,0
DA:295,0
DA:296,0
DA:297,0
DA:298,0
DA:300,0
DA:301,0
DA:302,0
DA:303,0
DA:304,0
DA:305,0
DA:306,0
DA:307,0
DA:309,0
DA:310,0
DA:311,0
DA:312,0
DA:313,0
DA:314,0
DA:316,0
DA:317,0
DA:319,0
DA:320,0
DA:321,0
DA:322,0
DA:323,0
DA:324,0
DA:326,0
DA:339,0
DA:340,0
DA:341,0
DA:342,0
DA:350,0
DA:351,0
DA:352,0
DA:354,0
DA:355,0
DA:356,0
DA:357,0
DA:358,0
DA:360,0
DA:361,0
DA:362,0
DA:364,0
DA:365,0
DA:366,0
DA:368,0
DA:369,0
DA:370,0
DA:372,0
DA:373,0
DA:374,0
DA:378,0
DA:379,0
DA:380,0
DA:382,0
DA:387,0
DA:388,0
DA:389,0
DA:391,0
DA:392,0
DA:393,0
DA:395,0
DA:396,0
DA:397,0
DA:399,0
DA:400,0
DA:401,0
DA:403,0
DA:404,0
DA:405,0
DA:409,0
DA:410,0
DA:411,0
DA:413,0
DA:417,0
DA:419,0
DA:420,0
DA:421,0
DA:422,0
DA:424,0
DA:425,0
DA:426,0
DA:428,0
DA:429,0
DA:430,0
DA:431,0
DA:432,0
DA:433,0
DA:435,0
DA:436,0
DA:438,0
DA:439,0
DA:440,0
DA:442,0
DA:443,0
DA:444,0
DA:445,0
DA:447,0
DA:448,0
DA:449,0
DA:456,1
DA:457,0
DA:464,1
DA:466,0
DA:467,0
DA:468,0
DA:469,0
DA:470,0
DA:471,0
DA:474,0
DA:475,0
DA:476,0
DA:483,1
DA:484,0
DA:488,1
DA:490,0
DA:491,0
DA:492,0
DA:493,0
DA:494,0
DA:495,0
DA:496,0
DA:497,0
DA:498,0
DA:501,0
DA:512,0
DA:513,0
DA:515,0
DA:516,0
DA:517,0
DA:519,0
DA:520,0
DA:521,0
DA:522,0
DA:525,0
DA:526,0
DA:527,0
DA:528,0
DA:531,0
DA:532,0
DA:533,0
DA:535,0
DA:537,0
DA:538,0
DA:539,0
DA:540,0
DA:542,0
DA:549,0
DA:550,0
DA:552,0
DA:554,0
DA:555,0
DA:556,0
DA:559,0
DA:560,0
DA:561,0
DA:562,0
DA:563,0
DA:565,0
DA:569,0
DA:579,1
DA:580,0
DA:581,0
DA:585,1
DA:586,0
DA:587,0
DA:588,0
DA:589,0
DA:590,0
DA:591,0
DA:592,0
DA:593,0
DA:594,0
DA:596,0
DA:598,0
DA:614,0
DA:616,0
DA:618,0
DA:619,0
DA:620,0
DA:621,0
DA:624,0
DA:625,0
DA:626,0
DA:627,0
DA:630,0
DA:631,0
DA:632,0
DA:634,0
DA:641,0
DA:643,0
DA:645,0
DA:646,0
DA:647,0
DA:650,0
DA:651,0
DA:652,0
DA:653,0
DA:655,0
DA:664,1
DA:665,0
DA:666,0
DA:667,0
DA:668,0
DA:669,0
DA:670,0
DA:671,0
DA:672,0
DA:673,0
DA:676,0
DA:678,0
DA:693,0
DA:695,0
DA:696,0
DA:697,0
DA:698,0
DA:701,0
DA:702,0
DA:703,0
DA:706,0
DA:707,0
DA:708,0
DA:711,0
DA:712,0
DA:713,0
DA:715,0
DA:723,0
DA:725,0
DA:726,0
DA:727,0
DA:730,0
DA:731,0
DA:732,0
DA:734,0
DA:745,1
DA:746,0
DA:747,0
DA:748,0
DA:749,0
DA:750,0
DA:751,0
DA:755,1
LF:409
LH:30
BRDA:10,0,0,1
BRDA:10,0,1,1
BRDA:11,1,0,1
BRDA:11,1,1,1
BRDA:12,2,0,1
BRDA:12,2,1,1
BRDA:13,3,0,1
BRDA:13,3,1,1
BRDA:16,4,0,0
BRDA:16,4,1,0
BRDA:16,5,0,0
BRDA:16,5,1,0
BRDA:16,5,2,0
BRDA:66,6,0,0
BRDA:66,6,1,0
BRDA:67,7,0,0
BRDA:67,7,1,0
BRDA:82,8,0,0
BRDA:82,8,1,0
BRDA:89,9,0,0
BRDA:89,9,1,0
BRDA:97,10,0,0
BRDA:97,10,1,0
BRDA:127,11,0,0
BRDA:127,11,1,0
BRDA:132,12,0,0
BRDA:132,12,1,0
BRDA:137,13,0,0
BRDA:137,13,1,0
BRDA:141,14,0,0
BRDA:141,14,1,0
BRDA:145,15,0,0
BRDA:145,15,1,0
BRDA:150,16,0,0
BRDA:150,16,1,0
BRDA:165,17,0,0
BRDA:165,17,1,0
BRDA:185,18,0,0
BRDA:185,18,1,0
BRDA:187,19,0,0
BRDA:187,19,1,0
BRDA:200,20,0,0
BRDA:200,20,1,0
BRDA:207,21,0,0
BRDA:207,21,1,0
BRDA:215,22,0,0
BRDA:215,22,1,0
BRDA:244,23,0,0
BRDA:244,23,1,0
BRDA:250,24,0,0
BRDA:250,24,1,0
BRDA:256,25,0,0
BRDA:256,25,1,0
BRDA:262,26,0,0
BRDA:262,26,1,0
BRDA:267,27,0,0
BRDA:267,27,1,0
BRDA:273,28,0,0
BRDA:273,28,1,0
BRDA:312,29,0,0
BRDA:312,29,1,0
BRDA:339,30,0,0
BRDA:339,30,1,0
BRDA:350,31,0,0
BRDA:350,31,1,0
BRDA:355,32,0,0
BRDA:355,32,1,0
BRDA:361,33,0,0
BRDA:361,33,1,0
BRDA:364,34,0,0
BRDA:364,34,1,0
BRDA:368,35,0,0
BRDA:368,35,1,0
BRDA:372,36,0,0
BRDA:372,36,1,0
BRDA:379,37,0,0
BRDA:379,37,1,0
BRDA:392,38,0,0
BRDA:392,38,1,0
BRDA:395,39,0,0
BRDA:395,39,1,0
BRDA:399,40,0,0
BRDA:399,40,1,0
BRDA:403,41,0,0
BRDA:403,41,1,0
BRDA:410,42,0,0
BRDA:410,42,1,0
BRDA:425,43,0,0
BRDA:425,43,1,0
BRDA:438,44,0,0
BRDA:438,44,1,0
BRDA:442,45,0,0
BRDA:442,45,1,0
BRDA:442,46,0,0
BRDA:442,46,1,0
BRDA:469,47,0,0
BRDA:469,47,1,0
BRDA:494,48,0,0
BRDA:494,48,1,0
BRDA:495,49,0,0
BRDA:495,49,1,0
BRDA:496,50,0,0
BRDA:496,50,1,0
BRDA:519,51,0,0
BRDA:519,51,1,0
BRDA:525,52,0,0
BRDA:525,52,1,0
BRDA:531,53,0,0
BRDA:531,53,1,0
BRDA:537,54,0,0
BRDA:537,54,1,0
BRDA:540,55,0,0
BRDA:540,55,1,0
BRDA:554,56,0,0
BRDA:554,56,1,0
BRDA:559,57,0,0
BRDA:559,57,1,0
BRDA:590,58,0,0
BRDA:590,58,1,0
BRDA:591,59,0,0
BRDA:591,59,1,0
BRDA:592,60,0,0
BRDA:592,60,1,0
BRDA:618,61,0,0
BRDA:618,61,1,0
BRDA:624,62,0,0
BRDA:624,62,1,0
BRDA:630,63,0,0
BRDA:630,63,1,0
BRDA:645,64,0,0
BRDA:645,64,1,0
BRDA:650,65,0,0
BRDA:650,65,1,0
BRDA:669,66,0,0
BRDA:669,66,1,0
BRDA:670,67,0,0
BRDA:670,67,1,0
BRDA:671,68,0,0
BRDA:671,68,1,0
BRDA:695,69,0,0
BRDA:695,69,1,0
BRDA:701,70,0,0
BRDA:701,70,1,0
BRDA:706,71,0,0
BRDA:706,71,1,0
BRDA:711,72,0,0
BRDA:711,72,1,0
BRDA:725,73,0,0
BRDA:725,73,1,0
BRDA:730,74,0,0
BRDA:730,74,1,0
BRF:151
BRH:8
end_of_record
